InnerBeauty/app/build/outputs/logs/manifest-merger-debug-report.txt
-- Merging decision tree log ---
manifest
ADDED from src/main/AndroidManifest.xml:2:1-91:12
	package
		ADDED from src/main/AndroidManifest.xml:3:5-49
		INJECTED from src/main/AndroidManifest.xml
		INJECTED from src/main/AndroidManifest.xml
	android:versionName
		INJECTED from src/main/AndroidManifest.xml
		INJECTED from src/main/AndroidManifest.xml
	xmlns:android
		ADDED from src/main/AndroidManifest.xml:2:11-69
	android:versionCode
		INJECTED from src/main/AndroidManifest.xml
		INJECTED from src/main/AndroidManifest.xml
uses-permission#android.permission.ACCESS_FINE_LOCATION
ADDED from src/main/AndroidManifest.xml:5:5-79
	android:name
		ADDED from src/main/AndroidManifest.xml:5:22-76
uses-permission#android.permission.ACCESS_COARSE_LOCATION
ADDED from src/main/AndroidManifest.xml:6:5-81
	android:name
		ADDED from src/main/AndroidManifest.xml:6:22-78
uses-permission#android.permission.ACCESS_WIFI_STATE
ADDED from src/main/AndroidManifest.xml:7:5-76
	android:name
		ADDED from src/main/AndroidManifest.xml:7:22-73
uses-permission#android.permission.CHANGE_WIFI_STATE
ADDED from src/main/AndroidManifest.xml:8:5-76
	android:name
		ADDED from src/main/AndroidManifest.xml:8:22-73
uses-permission#android.permission.CALL_PHONE
ADDED from src/main/AndroidManifest.xml:9:5-69
	android:name
		ADDED from src/main/AndroidManifest.xml:9:22-66
uses-permission#android.permission.INTERNET
ADDED from src/main/AndroidManifest.xml:10:5-67
	android:name
		ADDED from src/main/AndroidManifest.xml:10:22-64
application
ADDED from src/main/AndroidManifest.xml:12:5-89:19
MERGED from [com.android.support:design:25.1.0] AndroidManifest.xml:25:5-20
MERGED from [com.android.support:transition:25.1.0] AndroidManifest.xml:22:5-20
MERGED from [com.naver.maps.open:naver-map-api:2.1.2] AndroidManifest.xml:11:5-14:19
MERGED from [com.kakao.sdk:auth:1.1.22] AndroidManifest.xml:11:5-23:19
MERGED from [gun0912.ted:tedpermission:1.0.2] AndroidManifest.xml:9:5-13:19
MERGED from [com.facebook.android:facebook-android-sdk:4.19.0] AndroidManifest.xml:28:5-48:19
MERGED from [com.android.support:appcompat-v7:25.1.0] AndroidManifest.xml:25:5-20
MERGED from [com.android.support:support-v4:25.1.0] AndroidManifest.xml:25:5-20
MERGED from [com.android.support:support-fragment:25.1.0] AndroidManifest.xml:25:5-20
MERGED from [com.android.support:support-media-compat:25.1.0] AndroidManifest.xml:25:5-20
MERGED from [com.android.support:support-core-ui:25.1.0] AndroidManifest.xml:25:5-20
MERGED from [com.android.support:support-core-utils:25.1.0] AndroidManifest.xml:25:5-20
MERGED from [com.android.support:animated-vector-drawable:25.1.0] AndroidManifest.xml:22:5-20
MERGED from [com.android.support:support-vector-drawable:25.1.0] AndroidManifest.xml:23:5-20
MERGED from [com.android.support:cardview-v7:25.0.0] AndroidManifest.xml:22:5-20
MERGED from [com.android.support:customtabs:25.0.0] AndroidManifest.xml:22:5-20
MERGED from [com.android.support:support-compat:25.1.0] AndroidManifest.xml:25:5-20
	android:label
		ADDED from src/main/AndroidManifest.xml:16:9-41
	android:supportsRtl
		ADDED from src/main/AndroidManifest.xml:17:9-35
	android:allowBackup
		ADDED from src/main/AndroidManifest.xml:14:9-35
	android:icon
		ADDED from src/main/AndroidManifest.xml:15:9-43
	android:theme
		ADDED from src/main/AndroidManifest.xml:18:9-40
	android:name
		ADDED from src/main/AndroidManifest.xml:13:9-44
activity#com.boostcamp.eunjilee.innerbeauty.LoginActivity
ADDED from src/main/AndroidManifest.xml:19:9-30:20
	android:theme
		ADDED from src/main/AndroidManifest.xml:21:13-56
	android:name
		ADDED from src/main/AndroidManifest.xml:20:13-42
intent-filter#android.intent.action.MAIN+android.intent.action.VIEW+android.intent.category.LAUNCHER
ADDED from src/main/AndroidManifest.xml:22:13-29:29
action#android.intent.action.VIEW
ADDED from src/main/AndroidManifest.xml:23:17-69
	android:name
		ADDED from src/main/AndroidManifest.xml:23:25-66
action#android.intent.action.MAIN
ADDED from src/main/AndroidManifest.xml:24:17-69
	android:name
		ADDED from src/main/AndroidManifest.xml:24:25-66
category#android.intent.category.LAUNCHER
ADDED from src/main/AndroidManifest.xml:26:17-77
	android:name
		ADDED from src/main/AndroidManifest.xml:26:27-74
data
ADDED from src/main/AndroidManifest.xml:28:17-54
	android:scheme
		ADDED from src/main/AndroidManifest.xml:28:23-51
activity#com.boostcamp.eunjilee.innerbeauty.MainActivity
ADDED from src/main/AndroidManifest.xml:31:9-34:68
	android:label
		ADDED from src/main/AndroidManifest.xml:33:13-45
	android:theme
		ADDED from src/main/AndroidManifest.xml:34:13-56
	android:name
		ADDED from src/main/AndroidManifest.xml:32:13-41
activity#com.boostcamp.eunjilee.innerbeauty.DetailExhibitionActivity
ADDED from src/main/AndroidManifest.xml:35:9-46:20
	android:label
		ADDED from src/main/AndroidManifest.xml:37:13-58
	android:theme
		ADDED from src/main/AndroidManifest.xml:38:13-56
	android:name
		ADDED from src/main/AndroidManifest.xml:36:13-53
intent-filter#android.intent.category.BROWSABLE
ADDED from src/main/AndroidManifest.xml:39:13-45:29
category#android.intent.category.BROWSABLE
ADDED from src/main/AndroidManifest.xml:40:17-78
	android:name
		ADDED from src/main/AndroidManifest.xml:40:27-75
activity#com.boostcamp.eunjilee.innerbeauty.DetailPlayActivity
ADDED from src/main/AndroidManifest.xml:47:9-58:20
	android:label
		ADDED from src/main/AndroidManifest.xml:49:13-58
	android:theme
		ADDED from src/main/AndroidManifest.xml:50:13-56
	android:name
		ADDED from src/main/AndroidManifest.xml:48:13-47
meta-data#com.kakao.sdk.AppKey
ADDED from src/main/AndroidManifest.xml:60:9-62:53
	android:value
		ADDED from src/main/AndroidManifest.xml:62:13-50
	android:name
		ADDED from src/main/AndroidManifest.xml:61:13-48
activity#com.kakao.auth.authorization.authcode.KakaoWebViewActivity
ADDED from src/main/AndroidManifest.xml:64:9-73:20
MERGED from [com.kakao.sdk:auth:1.1.22] AndroidManifest.xml:12:9-22:20
	android:label
		ADDED from [com.kakao.sdk:auth:1.1.22] AndroidManifest.xml:14:13-59
	android:launchMode
		ADDED from src/main/AndroidManifest.xml:66:13-43
	android:windowSoftInputMode
		ADDED from src/main/AndroidManifest.xml:67:13-55
	android:name
		ADDED from src/main/AndroidManifest.xml:65:13-86
intent-filter#android.intent.action.MAIN+android.intent.category.DEFAULT
ADDED from src/main/AndroidManifest.xml:68:13-72:29
category#android.intent.category.DEFAULT
ADDED from src/main/AndroidManifest.xml:71:17-76
	android:name
		ADDED from src/main/AndroidManifest.xml:71:27-73
activity#com.facebook.FacebookActivity
ADDED from src/main/AndroidManifest.xml:74:9-77:48
MERGED from [com.facebook.android:facebook-android-sdk:4.19.0] AndroidManifest.xml:29:9-32:66
	android:label
		ADDED from src/main/AndroidManifest.xml:77:13-45
	android:configChanges
		ADDED from src/main/AndroidManifest.xml:76:13-96
	android:theme
		ADDED from [com.facebook.android:facebook-android-sdk:4.19.0] AndroidManifest.xml:32:13-63
	android:name
		ADDED from src/main/AndroidManifest.xml:75:13-57
meta-data#com.facebook.sdk.ApplicationId
ADDED from src/main/AndroidManifest.xml:79:9-81:55
	android:value
		ADDED from src/main/AndroidManifest.xml:81:13-52
	android:name
		ADDED from src/main/AndroidManifest.xml:80:13-58
provider#com.facebook.FacebookContentProvider
ADDED from src/main/AndroidManifest.xml:83:9-86:39
	android:authorities
		ADDED from src/main/AndroidManifest.xml:85:13-91
	android:exported
		ADDED from src/main/AndroidManifest.xml:86:13-36
	android:name
		ADDED from src/main/AndroidManifest.xml:84:13-64
activity#com.boostcamp.eunjilee.innerbeauty.MyFavoriteContentsActivity
ADDED from src/main/AndroidManifest.xml:88:9-73
	android:name
		ADDED from src/main/AndroidManifest.xml:88:19-61
uses-sdk
INJECTED from src/main/AndroidManifest.xml reason: use-sdk injection requested
MERGED from [com.android.support:design:25.1.0] AndroidManifest.xml:21:5-23:62
MERGED from [com.android.support:recyclerview-v7:25.1.0] AndroidManifest.xml:20:5-43
MERGED from [com.android.support:transition:25.1.0] AndroidManifest.xml:20:5-44
MERGED from [com.jakewharton:butterknife:8.4.0] AndroidManifest.xml:5:5-43
MERGED from [jp.wasabeef:glide-transformations:2.0.1] AndroidManifest.xml:8:5-10:41
MERGED from [com.naver.maps.open:naver-map-api:2.1.2] AndroidManifest.xml:7:5-9:41
MERGED from [com.kakao.sdk:usermgmt:1.1.22] AndroidManifest.xml:11:5-13:41
MERGED from [com.kakao.sdk:auth:1.1.22] AndroidManifest.xml:7:5-9:41
MERGED from [com.kakao.sdk:network:1.1.22] AndroidManifest.xml:8:5-10:41
MERGED from [com.kakao.sdk:kakaolink:1.1.22] AndroidManifest.xml:11:5-13:41
MERGED from [com.kakao.sdk:util:1.1.22] AndroidManifest.xml:11:5-13:41
MERGED from [gun0912.ted:tedpermission:1.0.2] AndroidManifest.xml:5:5-7:41
MERGED from [com.facebook.android:facebook-android-sdk:4.19.0] AndroidManifest.xml:24:5-26:41
MERGED from [com.android.support:appcompat-v7:25.1.0] AndroidManifest.xml:21:5-23:78
MERGED from [com.android.support:support-v4:25.1.0] AndroidManifest.xml:21:5-23:54
MERGED from [com.android.support:support-fragment:25.1.0] AndroidManifest.xml:21:5-23:60
MERGED from [com.android.support:support-media-compat:25.1.0] AndroidManifest.xml:21:5-23:63
MERGED from [com.android.support:support-core-ui:25.1.0] AndroidManifest.xml:21:5-23:58
MERGED from [com.android.support:support-core-utils:25.1.0] AndroidManifest.xml:21:5-23:61
MERGED from [com.android.support:animated-vector-drawable:25.1.0] AndroidManifest.xml:20:5-44
MERGED from [com.android.support:support-vector-drawable:25.1.0] AndroidManifest.xml:21:5-43
MERGED from [com.android.support:cardview-v7:25.0.0] AndroidManifest.xml:20:5-43
MERGED from [com.android.support:customtabs:25.0.0] AndroidManifest.xml:20:5-44
MERGED from [com.android.support:support-compat:25.1.0] AndroidManifest.xml:21:5-23:58
	tools:overrideLibrary
		ADDED from [com.android.support:design:25.1.0] AndroidManifest.xml:23:9-59
	android:targetSdkVersion
		INJECTED from src/main/AndroidManifest.xml
		INJECTED from src/main/AndroidManifest.xml
	android:minSdkVersion
		INJECTED from src/main/AndroidManifest.xml
		INJECTED from src/main/AndroidManifest.xml
activity#com.gun0912.tedpermission.TedPermissionActivity
ADDED from [gun0912.ted:tedpermission:1.0.2] AndroidManifest.xml:10:9-12:56
	android:theme
		ADDED from [gun0912.ted:tedpermission:1.0.2] AndroidManifest.xml:12:13-53
	android:name
		ADDED from [gun0912.ted:tedpermission:1.0.2] AndroidManifest.xml:11:13-75
activity#com.facebook.CustomTabMainActivity
ADDED from [com.facebook.android:facebook-android-sdk:4.19.0] AndroidManifest.xml:33:9-71
	android:name
		ADDED from [com.facebook.android:facebook-android-sdk:4.19.0] AndroidManifest.xml:33:19-68
provider#com.facebook.internal.FacebookInitProvider
ADDED from [com.facebook.android:facebook-android-sdk:4.19.0] AndroidManifest.xml:44:9-47:40
	android:authorities
		ADDED from [com.facebook.android:facebook-android-sdk:4.19.0] AndroidManifest.xml:46:13-72
	android:exported
		ADDED from [com.facebook.android:facebook-android-sdk:4.19.0] AndroidManifest.xml:47:13-37
	android:name
		ADDED from [com.facebook.android:facebook-android-sdk:4.19.0] AndroidManifest.xml:45:13-70